<?xml version="1.0" encoding="UTF-8"?>
<!-- Generated by org.testng.reporters.JUnitReportReporter -->
<testsuite hostname="DESKTOP-N8BIK59" failures="0" tests="2" name="Amazon_pacakge.Amazon_project.Test_2_Loginwithvaliddetails" time="24.583" errors="0" timestamp="2025-06-24T17:42:35 IST" skipped="1">
  <testcase classname="Amazon_pacakge.Amazon_project.Test_2_Loginwithvaliddetails" name="sucsessfulloginwithrightdetails" time="11.789">
    <skipped/>
    <system-out>
      <![CDATA[successful done step 3
Successful signin1
Enter the username
Cliking continue]]>
    </system-out>
  </testcase> <!-- sucsessfulloginwithrightdetails -->
  <testcase classname="Amazon_pacakge.Amazon_project.Test_2_Loginwithvaliddetails" name="sucsessfulloginwithrightdetails" time="12.794">
    <system-out>
      <![CDATA[successful done step 3
Successful signin1
Enter the username
Cliking continue
Enter the username
Successful login in]]>
    </system-out>
  </testcase> <!-- sucsessfulloginwithrightdetails -->
  <system-out>
    <![CDATA[Successfully done to account
successful done step 3
signin new user
Enter the username
Cliking continue
Successful signin1
Successful signin1
Successful signin1
Successfully close
Successfully done to account
successful done step 3
Successful signin1
Enter the username
Cliking continue
Successfully close
Successfully done to account
successful done step 3
Successful signin1
Enter the username
Cliking continue
Enter the username
Successful login in
Successfully close
Successfully done to account
successful done step 3
Successful signin1
Cliking continue
Successfully close
Successfully done to account
successful done step 3
Enter the username
Cliking continue
Enter the username
Successful login in
click on editing
Successfully editing
save changes
Successfully close
Successfully done to account
successful done step 3
Successful signin1
Enter the username
Cliking continue
Entering password
Successful login in
Successfully close
Successfully done to account
successful done step 3
Successful signin1
Enter the username
Cliking continue
Enter the username
Successful login in
Successfully close
Successfully done to account
successful done step 3
Successful signin1
Enter the username
Cliking continue
Enter the username
Successful login in
Successfully close
Successfully done to account
successful done step 3
Successful signin1
Enter the username
Cliking continue
Enter the username
Successful login in
Successfully close
Successfully done to account
Successfully close]]>
  </system-out>
</testsuite> <!-- Amazon_pacakge.Amazon_project.Test_2_Loginwithvaliddetails -->
